<?xml version="1.0" encoding="UTF-8"?>
<!-- Generated by org.testng.reporters.JUnitReportReporter -->
<testsuite hostname="DESKTOP-7MKEQU5" failures="0" tests="3" name="AUTOMATION.rest_12Test" time="0.070" errors="0" timestamp="2022-08-16T15:47:49 IST" skipped="0">
  <testcase classname="AUTOMATION.rest_12Test" name="f" time="0.043"/>
  <system-out/>
  <testcase classname="AUTOMATION.rest_12Test" name="g" time="0.014"/>
  <system-out/>
  <testcase classname="AUTOMATION.rest_12Test" name="h" time="0.013"/>
  <system-out/>
</testsuite> <!-- AUTOMATION.rest_12Test -->
