<?xml version="1.0" encoding="UTF-8"?>
<!-- Generated by org.testng.reporters.JUnitReportReporter -->
<testsuite hostname="DESKTOP-7MKEQU5" failures="0" tests="1" name="AUTOMATION.scroll" time="110.636" errors="0" timestamp="2022-08-17T13:11:14 IST" skipped="0">
  <testcase classname="AUTOMATION.scroll" name="status" time="110.636"/>
  <system-out/>
</testsuite> <!-- AUTOMATION.scroll -->
