<?xml version="1.0" encoding="UTF-8"?>
<!-- Generated by org.testng.reporters.JUnitReportReporter -->
<testsuite hostname="DESKTOP-7MKEQU5" failures="0" tests="4" name="AUTOMATION.groups" time="0.059" errors="0" timestamp="2022-08-16T17:04:55 IST" skipped="0">
  <testcase classname="AUTOMATION.groups" name="s2" time="0.007"/>
  <system-out/>
  <testcase classname="AUTOMATION.groups" name="s4" time="0.004"/>
  <system-out/>
  <testcase classname="AUTOMATION.groups" name="s3" time="0.008"/>
  <system-out/>
  <testcase classname="AUTOMATION.groups" name="s1" time="0.040"/>
  <system-out/>
</testsuite> <!-- AUTOMATION.groups -->
