<?xml version="1.0" encoding="UTF-8"?>
<!-- Generated by org.testng.reporters.JUnitReportReporter -->
<testsuite hostname="DESKTOP-7MKEQU5" failures="0" tests="5" name="AUTOMATION.test_data" time="0.055" errors="0" timestamp="2022-08-16T16:35:51 IST" skipped="1">
  <testcase classname="AUTOMATION.test_data" name="s4" time="0.036"/>
  <system-out/>
  <testcase classname="AUTOMATION.test_data" name="s4" time="0.007"/>
  <system-out/>
  <testcase classname="AUTOMATION.test_data" name="s2" time="0.003"/>
  <system-out/>
  <testcase classname="AUTOMATION.test_data" name="s3" time="0.009"/>
  <system-out/>
  <testcase classname="AUTOMATION.test_data" name="s1">
    <skipped/>
  </testcase> <!-- s1 -->
  <system-out/>
</testsuite> <!-- AUTOMATION.test_data -->
