<?xml version="1.0" encoding="UTF-8"?>
<!-- Generated by org.testng.reporters.JUnitReportReporter -->
<testsuite hostname="DESKTOP-7MKEQU5" failures="0" tests="6" name="AUTOMATION.cbs" time="360.131" errors="0" timestamp="2022-08-16T17:54:51 IST" skipped="0">
  <testcase classname="AUTOMATION.cbs" name="p3" time="26.939"/>
  <system-out/>
  <testcase classname="AUTOMATION.cbs" name="p1" time="174.524"/>
  <system-out/>
  <testcase classname="AUTOMATION.cbs" name="p2" time="39.619"/>
  <system-out/>
  <testcase classname="AUTOMATION.cbs" name="p2" time="19.085"/>
  <system-out/>
  <testcase classname="AUTOMATION.cbs" name="p1" time="64.984"/>
  <system-out/>
  <testcase classname="AUTOMATION.cbs" name="p3" time="34.980"/>
  <system-out/>
</testsuite> <!-- AUTOMATION.cbs -->
