<?xml version="1.0" encoding="UTF-8"?>
<!-- Generated by org.testng.reporters.JUnitReportReporter -->
<testsuite hostname="DESKTOP-7MKEQU5" failures="0" tests="1" name="AUTOMATION_1.s_2" time="0.105" errors="0" timestamp="2022-08-10T10:56:31 IST" skipped="0">
  <testcase classname="AUTOMATION_1.s_2" name="d1" time="0.105"/>
  <system-out/>
</testsuite> <!-- AUTOMATION_1.s_2 -->
