<?xml version="1.0" encoding="UTF-8"?>
<!-- Generated by org.testng.reporters.JUnitReportReporter -->
<testsuite hostname="DESKTOP-7MKEQU5" failures="0" tests="1" name="AUTOMATION.an_1" time="90.517" errors="0" timestamp="2022-08-17T14:38:43 IST" skipped="0">
  <testcase classname="AUTOMATION.an_1" name="m1" time="90.517"/>
  <system-out/>
</testsuite> <!-- AUTOMATION.an_1 -->
